2024/11/29 21:12:35 [error] [php] date() [<a href='function.date'>function.date</a>]: It is not safe to rely on the system's timezone settings. You are *required* to use the date.timezone setting or the date_default_timezone_set() function. In case you used any of those methods and you are still getting this warning, you most likely misspelled the timezone identifier. We selected 'UTC' for 'UTC/0.0/no DST' instead (/var/www/html/protected/views/layouts/main.php:51)
Stack trace:
#0 /var/www/html/protected/views/layouts/main.php(51): date()
#1 /var/www/html/framework/web/CBaseController.php(126): require()
#2 /var/www/html/framework/web/CBaseController.php(95): SiteController->renderInternal()
#3 /var/www/html/framework/web/widgets/CContentDecorator.php(76): SiteController->renderFile()
#4 /var/www/html/framework/web/widgets/CContentDecorator.php(54): CContentDecorator->decorate()
#5 /var/www/html/framework/web/widgets/COutputProcessor.php(44): CContentDecorator->processOutput()
#6 /var/www/html/framework/web/CBaseController.php(215): CContentDecorator->run()
#7 /var/www/html/framework/web/CBaseController.php(309): SiteController->endWidget()
#8 /var/www/html/protected/views/layouts/column1.php(6): SiteController->endContent()
#9 /var/www/html/framework/web/CBaseController.php(126): require()
#10 /var/www/html/framework/web/CBaseController.php(95): SiteController->renderInternal()
#11 /var/www/html/framework/web/CController.php(787): SiteController->renderFile()
#12 /var/www/html/protected/controllers/SiteController.php(32): SiteController->render()
#13 /var/www/html/framework/web/actions/CInlineAction.php(49): SiteController->actionIndex()
#14 /var/www/html/framework/web/CController.php(308): CInlineAction->runWithParams()
#15 /var/www/html/framework/web/CController.php(286): SiteController->runAction()
#16 /var/www/html/framework/web/CController.php(265): SiteController->runActionWithFilters()
#17 /var/www/html/framework/web/CWebApplication.php(282): SiteController->run()
#18 /var/www/html/framework/web/CWebApplication.php(141): CWebApplication->runController()
#19 /var/www/html/framework/base/CApplication.php(185): CWebApplication->processRequest()
#20 /var/www/html/index.php(13): CWebApplication->run()
REQUEST_URI=/
in /var/www/html/protected/views/layouts/main.php (51)
in /var/www/html/protected/views/layouts/column1.php (6)
in /var/www/html/protected/controllers/SiteController.php (32)
2024/11/29 21:12:35 [error] [php] date() [<a href='function.date'>function.date</a>]: It is not safe to rely on the system's timezone settings. You are *required* to use the date.timezone setting or the date_default_timezone_set() function. In case you used any of those methods and you are still getting this warning, you most likely misspelled the timezone identifier. We selected 'UTC' for 'UTC/0.0/no DST' instead (/var/www/html/protected/views/layouts/main.php:51)
Stack trace:
#0 /var/www/html/protected/views/layouts/main.php(51): date()
#1 /var/www/html/framework/web/CBaseController.php(126): require()
#2 /var/www/html/framework/web/CBaseController.php(95): SiteController->renderInternal()
#3 /var/www/html/framework/web/widgets/CContentDecorator.php(76): SiteController->renderFile()
#4 /var/www/html/framework/web/widgets/CContentDecorator.php(54): CContentDecorator->decorate()
#5 /var/www/html/framework/web/widgets/COutputProcessor.php(44): CContentDecorator->processOutput()
#6 /var/www/html/framework/web/CBaseController.php(215): CContentDecorator->run()
#7 /var/www/html/framework/web/CBaseController.php(309): SiteController->endWidget()
#8 /var/www/html/protected/views/layouts/column1.php(6): SiteController->endContent()
#9 /var/www/html/framework/web/CBaseController.php(126): require()
#10 /var/www/html/framework/web/CBaseController.php(95): SiteController->renderInternal()
#11 /var/www/html/framework/web/CController.php(787): SiteController->renderFile()
#12 /var/www/html/protected/controllers/SiteController.php(32): SiteController->render()
#13 /var/www/html/framework/web/actions/CInlineAction.php(49): SiteController->actionIndex()
#14 /var/www/html/framework/web/CController.php(308): CInlineAction->runWithParams()
#15 /var/www/html/framework/web/CController.php(286): SiteController->runAction()
#16 /var/www/html/framework/web/CController.php(265): SiteController->runActionWithFilters()
#17 /var/www/html/framework/web/CWebApplication.php(282): SiteController->run()
#18 /var/www/html/framework/web/CWebApplication.php(141): CWebApplication->runController()
#19 /var/www/html/framework/base/CApplication.php(185): CWebApplication->processRequest()
#20 /var/www/html/index.php(13): CWebApplication->run()
REQUEST_URI=/favicon.ico
in /var/www/html/protected/views/layouts/main.php (51)
in /var/www/html/protected/views/layouts/column1.php (6)
in /var/www/html/protected/controllers/SiteController.php (32)
2024/11/29 21:42:03 [error] [exception.CDbException] exception 'CDbException' with message 'CDbConnection failed to open the DB connection: could not find driver' in /var/www/html/framework/db/CDbConnection.php:399
Stack trace:
#0 /var/www/html/framework/db/CDbConnection.php(347): CDbConnection->open()
#1 /var/www/html/framework/db/CDbConnection.php(325): CDbConnection->setActive(true)
#2 /var/www/html/framework/base/CModule.php(394): CDbConnection->init()
#3 /var/www/html/framework/cli/commands/MigrateCommand.php(472): CModule->getComponent('db')
#4 /var/www/html/framework/cli/commands/MigrateCommand.php(481): MigrateCommand->getDbConnection()
#5 /var/www/html/framework/cli/commands/MigrateCommand.php(512): MigrateCommand->getMigrationHistory(-1)
#6 /var/www/html/framework/cli/commands/MigrateCommand.php(84): MigrateCommand->getNewMigrations()
#7 [internal function]: MigrateCommand->actionUp(Array)
#8 /var/www/html/framework/console/CConsoleCommand.php(177): ReflectionMethod->invokeArgs(Object(MigrateCommand), Array)
#9 /var/www/html/framework/console/CConsoleCommandRunner.php(71): CConsoleCommand->run(Array)
#10 /var/www/html/framework/console/CConsoleApplication.php(92): CConsoleCommandRunner->run(Array)
#11 /var/www/html/framework/base/CApplication.php(185): CConsoleApplication->processRequest()
#12 /var/www/html/framework/yiic.php(33): CApplication->run()
#13 /var/www/html/protected/yiic.php(7): require_once('/var/www/html/f...')
#14 /var/www/html/protected/yiic(4): require_once('/var/www/html/p...')
#15 {main}
---
2024/11/29 21:43:45 [error] [exception.CDbException] exception 'CDbException' with message 'CDbConnection failed to open the DB connection: could not find driver' in /var/www/html/framework/db/CDbConnection.php:399
Stack trace:
#0 /var/www/html/framework/db/CDbConnection.php(347): CDbConnection->open()
#1 /var/www/html/framework/db/CDbConnection.php(325): CDbConnection->setActive(true)
#2 /var/www/html/framework/base/CModule.php(394): CDbConnection->init()
#3 /var/www/html/framework/cli/commands/MigrateCommand.php(472): CModule->getComponent('db')
#4 /var/www/html/framework/cli/commands/MigrateCommand.php(481): MigrateCommand->getDbConnection()
#5 /var/www/html/framework/cli/commands/MigrateCommand.php(512): MigrateCommand->getMigrationHistory(-1)
#6 /var/www/html/framework/cli/commands/MigrateCommand.php(84): MigrateCommand->getNewMigrations()
#7 [internal function]: MigrateCommand->actionUp(Array)
#8 /var/www/html/framework/console/CConsoleCommand.php(177): ReflectionMethod->invokeArgs(Object(MigrateCommand), Array)
#9 /var/www/html/framework/console/CConsoleCommandRunner.php(71): CConsoleCommand->run(Array)
#10 /var/www/html/framework/console/CConsoleApplication.php(92): CConsoleCommandRunner->run(Array)
#11 /var/www/html/framework/base/CApplication.php(185): CConsoleApplication->processRequest()
#12 /var/www/html/framework/yiic.php(33): CApplication->run()
#13 /var/www/html/protected/yiic.php(7): require_once('/var/www/html/f...')
#14 /var/www/html/protected/yiic(4): require_once('/var/www/html/p...')
#15 {main}
---
2024/11/29 21:47:53 [error] [exception.CDbException] exception 'CDbException' with message 'CDbConnection failed to open the DB connection: could not find driver' in /var/www/html/framework/db/CDbConnection.php:399
Stack trace:
#0 /var/www/html/framework/db/CDbConnection.php(347): CDbConnection->open()
#1 /var/www/html/framework/db/CDbConnection.php(325): CDbConnection->setActive(true)
#2 /var/www/html/framework/base/CModule.php(394): CDbConnection->init()
#3 /var/www/html/framework/cli/commands/MigrateCommand.php(472): CModule->getComponent('db')
#4 /var/www/html/framework/cli/commands/MigrateCommand.php(481): MigrateCommand->getDbConnection()
#5 /var/www/html/framework/cli/commands/MigrateCommand.php(512): MigrateCommand->getMigrationHistory(-1)
#6 /var/www/html/framework/cli/commands/MigrateCommand.php(84): MigrateCommand->getNewMigrations()
#7 [internal function]: MigrateCommand->actionUp(Array)
#8 /var/www/html/framework/console/CConsoleCommand.php(177): ReflectionMethod->invokeArgs(Object(MigrateCommand), Array)
#9 /var/www/html/framework/console/CConsoleCommandRunner.php(71): CConsoleCommand->run(Array)
#10 /var/www/html/framework/console/CConsoleApplication.php(92): CConsoleCommandRunner->run(Array)
#11 /var/www/html/framework/base/CApplication.php(185): CConsoleApplication->processRequest()
#12 /var/www/html/framework/yiic.php(33): CApplication->run()
#13 /var/www/html/protected/yiic.php(7): require_once('/var/www/html/f...')
#14 /var/www/html/protected/yiic(4): require_once('/var/www/html/p...')
#15 {main}
---
2024/11/29 21:51:46 [error] [exception.CException] exception 'CException' with message 'Property "CDbConnection.driverOptions" is not defined.' in /var/www/html/framework/base/CComponent.php:172
Stack trace:
#0 /var/www/html/framework/YiiBase.php(227): CComponent->__set('driverOptions', Array)
#1 /var/www/html/framework/base/CModule.php(393): YiiBase::createComponent(Array)
#2 /var/www/html/framework/cli/commands/MigrateCommand.php(472): CModule->getComponent('db')
#3 /var/www/html/framework/cli/commands/MigrateCommand.php(481): MigrateCommand->getDbConnection()
#4 /var/www/html/framework/cli/commands/MigrateCommand.php(512): MigrateCommand->getMigrationHistory(-1)
#5 /var/www/html/framework/cli/commands/MigrateCommand.php(84): MigrateCommand->getNewMigrations()
#6 [internal function]: MigrateCommand->actionUp(Array)
#7 /var/www/html/framework/console/CConsoleCommand.php(177): ReflectionMethod->invokeArgs(Object(MigrateCommand), Array)
#8 /var/www/html/framework/console/CConsoleCommandRunner.php(71): CConsoleCommand->run(Array)
#9 /var/www/html/framework/console/CConsoleApplication.php(92): CConsoleCommandRunner->run(Array)
#10 /var/www/html/framework/base/CApplication.php(185): CConsoleApplication->processRequest()
#11 /var/www/html/framework/yiic.php(33): CApplication->run()
#12 /var/www/html/protected/yiic.php(7): require_once('/var/www/html/f...')
#13 /var/www/html/protected/yiic(4): require_once('/var/www/html/p...')
#14 {main}
---
2024/11/29 21:51:54 [error] [exception.CDbException] exception 'CDbException' with message 'CDbConnection failed to open the DB connection: could not find driver' in /var/www/html/framework/db/CDbConnection.php:399
Stack trace:
#0 /var/www/html/framework/db/CDbConnection.php(347): CDbConnection->open()
#1 /var/www/html/framework/db/CDbConnection.php(325): CDbConnection->setActive(true)
#2 /var/www/html/framework/base/CModule.php(394): CDbConnection->init()
#3 /var/www/html/framework/cli/commands/MigrateCommand.php(472): CModule->getComponent('db')
#4 /var/www/html/framework/cli/commands/MigrateCommand.php(481): MigrateCommand->getDbConnection()
#5 /var/www/html/framework/cli/commands/MigrateCommand.php(512): MigrateCommand->getMigrationHistory(-1)
#6 /var/www/html/framework/cli/commands/MigrateCommand.php(84): MigrateCommand->getNewMigrations()
#7 [internal function]: MigrateCommand->actionUp(Array)
#8 /var/www/html/framework/console/CConsoleCommand.php(177): ReflectionMethod->invokeArgs(Object(MigrateCommand), Array)
#9 /var/www/html/framework/console/CConsoleCommandRunner.php(71): CConsoleCommand->run(Array)
#10 /var/www/html/framework/console/CConsoleApplication.php(92): CConsoleCommandRunner->run(Array)
#11 /var/www/html/framework/base/CApplication.php(185): CConsoleApplication->processRequest()
#12 /var/www/html/framework/yiic.php(33): CApplication->run()
#13 /var/www/html/protected/yiic.php(7): require_once('/var/www/html/f...')
#14 /var/www/html/protected/yiic(4): require_once('/var/www/html/p...')
#15 {main}
---
2024/11/29 21:52:03 [error] [exception.CDbException] exception 'CDbException' with message 'CDbConnection failed to open the DB connection: could not find driver' in /var/www/html/framework/db/CDbConnection.php:399
Stack trace:
#0 /var/www/html/framework/db/CDbConnection.php(347): CDbConnection->open()
#1 /var/www/html/framework/db/CDbConnection.php(325): CDbConnection->setActive(true)
#2 /var/www/html/framework/base/CModule.php(394): CDbConnection->init()
#3 /var/www/html/framework/cli/commands/MigrateCommand.php(472): CModule->getComponent('db')
#4 /var/www/html/framework/cli/commands/MigrateCommand.php(481): MigrateCommand->getDbConnection()
#5 /var/www/html/framework/cli/commands/MigrateCommand.php(512): MigrateCommand->getMigrationHistory(-1)
#6 /var/www/html/framework/cli/commands/MigrateCommand.php(84): MigrateCommand->getNewMigrations()
#7 [internal function]: MigrateCommand->actionUp(Array)
#8 /var/www/html/framework/console/CConsoleCommand.php(177): ReflectionMethod->invokeArgs(Object(MigrateCommand), Array)
#9 /var/www/html/framework/console/CConsoleCommandRunner.php(71): CConsoleCommand->run(Array)
#10 /var/www/html/framework/console/CConsoleApplication.php(92): CConsoleCommandRunner->run(Array)
#11 /var/www/html/framework/base/CApplication.php(185): CConsoleApplication->processRequest()
#12 /var/www/html/framework/yiic.php(33): CApplication->run()
#13 /var/www/html/protected/yiic.php(7): require_once('/var/www/html/f...')
#14 /var/www/html/protected/yiic(4): require_once('/var/www/html/p...')
#15 {main}
---
2024/11/29 21:52:08 [error] [exception.CDbException] exception 'CDbException' with message 'CDbConnection failed to open the DB connection: could not find driver' in /var/www/html/framework/db/CDbConnection.php:399
Stack trace:
#0 /var/www/html/framework/db/CDbConnection.php(347): CDbConnection->open()
#1 /var/www/html/framework/db/CDbConnection.php(325): CDbConnection->setActive(true)
#2 /var/www/html/framework/base/CModule.php(394): CDbConnection->init()
#3 /var/www/html/framework/cli/commands/MigrateCommand.php(472): CModule->getComponent('db')
#4 /var/www/html/framework/cli/commands/MigrateCommand.php(481): MigrateCommand->getDbConnection()
#5 /var/www/html/framework/cli/commands/MigrateCommand.php(512): MigrateCommand->getMigrationHistory(-1)
#6 /var/www/html/framework/cli/commands/MigrateCommand.php(84): MigrateCommand->getNewMigrations()
#7 [internal function]: MigrateCommand->actionUp(Array)
#8 /var/www/html/framework/console/CConsoleCommand.php(177): ReflectionMethod->invokeArgs(Object(MigrateCommand), Array)
#9 /var/www/html/framework/console/CConsoleCommandRunner.php(71): CConsoleCommand->run(Array)
#10 /var/www/html/framework/console/CConsoleApplication.php(92): CConsoleCommandRunner->run(Array)
#11 /var/www/html/framework/base/CApplication.php(185): CConsoleApplication->processRequest()
#12 /var/www/html/framework/yiic.php(33): CApplication->run()
#13 /var/www/html/protected/yiic.php(7): require_once('/var/www/html/f...')
#14 /var/www/html/protected/yiic(4): require_once('/var/www/html/p...')
#15 {main}
---
2024/11/29 21:59:42 [error] [system.db.CDbCommand] CDbCommand::fetchAll() failed: SQLSTATE[42S02]: Base table or view not found: 1146 Table 'yii.tbl_migration' doesn't exist. The SQL statement executed was: SHOW FULL COLUMNS FROM `tbl_migration`.
2024/11/29 22:00:18 [error] [exception.CDbException] exception 'CDbException' with message 'CDbConnection failed to open the DB connection: SQLSTATE[HY000] [2005] Unknown MySQL server host 'yii-m1ysql' (-3)' in /var/www/html/framework/db/CDbConnection.php:399
Stack trace:
#0 /var/www/html/framework/db/CDbConnection.php(347): CDbConnection->open()
#1 /var/www/html/framework/db/CDbConnection.php(325): CDbConnection->setActive(true)
#2 /var/www/html/framework/base/CModule.php(394): CDbConnection->init()
#3 /var/www/html/framework/cli/commands/MigrateCommand.php(472): CModule->getComponent('db')
#4 /var/www/html/framework/cli/commands/MigrateCommand.php(481): MigrateCommand->getDbConnection()
#5 /var/www/html/framework/cli/commands/MigrateCommand.php(512): MigrateCommand->getMigrationHistory(-1)
#6 /var/www/html/framework/cli/commands/MigrateCommand.php(84): MigrateCommand->getNewMigrations()
#7 [internal function]: MigrateCommand->actionUp(Array)
#8 /var/www/html/framework/console/CConsoleCommand.php(177): ReflectionMethod->invokeArgs(Object(MigrateCommand), Array)
#9 /var/www/html/framework/console/CConsoleCommandRunner.php(71): CConsoleCommand->run(Array)
#10 /var/www/html/framework/console/CConsoleApplication.php(92): CConsoleCommandRunner->run(Array)
#11 /var/www/html/framework/base/CApplication.php(185): CConsoleApplication->processRequest()
#12 /var/www/html/framework/yiic.php(33): CApplication->run()
#13 /var/www/html/protected/yiic.php(7): require_once('/var/www/html/f...')
#14 /var/www/html/protected/yiic(4): require_once('/var/www/html/p...')
#15 {main}
---
2024/11/30 04:28:46 [error] [exception.CHttpException.403] exception 'CHttpException' with message 'You are not authorized to perform this action.' in /var/www/html/framework/web/auth/CAccessControlFilter.php:183
Stack trace:
#0 /var/www/html/framework/web/auth/CAccessControlFilter.php(145): CAccessControlFilter->accessDenied(Object(CWebUser), 'You are not aut...')
#1 /var/www/html/framework/web/filters/CFilter.php(38): CAccessControlFilter->preFilter(Object(CFilterChain))
#2 /var/www/html/framework/web/CController.php(1148): CFilter->filter(Object(CFilterChain))
#3 /var/www/html/framework/web/filters/CInlineFilter.php(58): CController->filterAccessControl(Object(CFilterChain))
#4 /var/www/html/framework/web/filters/CFilterChain.php(131): CInlineFilter->filter(Object(CFilterChain))
#5 /var/www/html/framework/web/CController.php(291): CFilterChain->run()
#6 /var/www/html/framework/web/CController.php(265): CController->runActionWithFilters(Object(CInlineAction), Array)
#7 /var/www/html/framework/web/CWebApplication.php(282): CController->run('admin')
#8 /var/www/html/framework/web/CWebApplication.php(141): CWebApplication->runController('employee/admin')
#9 /var/www/html/framework/base/CApplication.php(185): CWebApplication->processRequest()
#10 /var/www/html/index.php(16): CApplication->run()
#11 {main}
REQUEST_URI=/index.php?r=employee/admin
HTTP_REFERER=http://127.0.0.1:9999/index.php?r=employee/create
---
2024/11/30 10:08:48 [error] [php] include(m241129_100717_create_users_table.php): failed to open stream: No such file or directory (/var/www/html/framework/YiiBase.php:463)
Stack trace:
#0 /var/www/html/framework/YiiBase.php(463): autoload()
#1 unknown(0): autoload()
#2 /var/www/html/framework/cli/commands/MigrateCommand.php(459): spl_autoload_call()
#3 /var/www/html/framework/cli/commands/MigrateCommand.php(414): MigrateCommand->instantiateMigration()
#4 /var/www/html/framework/cli/commands/MigrateCommand.php(109): MigrateCommand->migrateUp()
#5 unknown(0): MigrateCommand->actionUp()
#6 /var/www/html/framework/console/CConsoleCommand.php(177): ReflectionMethod->invokeArgs()
#7 /var/www/html/framework/console/CConsoleCommandRunner.php(71): MigrateCommand->run()
#8 /var/www/html/framework/console/CConsoleApplication.php(92): CConsoleCommandRunner->run()
#9 /var/www/html/framework/base/CApplication.php(185): CConsoleApplication->processRequest()
#10 /var/www/html/framework/yiic.php(33): CConsoleApplication->run()
#11 /var/www/html/protected/yiic.php(7): require_once()
#12 /var/www/html/protected/yiic(4): require_once()

